\BOOKMARK [1][-]{section.1}{\376\377\000I\000n\000t\000r\000o\000d\000u\000c\000t\000i\000o\000n}{}% 1
\BOOKMARK [1][-]{section.2}{\376\377\000R\000e\000l\000a\000t\000e\000d\000\040\000W\000o\000r\000k}{}% 2
\BOOKMARK [1][-]{section.3}{\376\377\000S\000y\000s\000t\000e\000m\000\040\000A\000r\000c\000h\000i\000t\000e\000c\000t\000u\000r\000e}{}% 3
\BOOKMARK [1][-]{section.4}{\376\377\000G\000e\000n\000o\000m\000e\000\040\000D\000e\000r\000i\000v\000a\000t\000i\000o\000n}{}% 4
\BOOKMARK [2][-]{subsection.4.1}{\376\377\000K\000e\000y\000\040\000H\000i\000e\000r\000a\000r\000c\000h\000y}{section.4}% 5
\BOOKMARK [2][-]{subsection.4.2}{\376\377\000D\000e\000t\000e\000r\000m\000i\000n\000i\000s\000t\000i\000c\000\040\000P\000R\000N\000G}{section.4}% 6
\BOOKMARK [2][-]{subsection.4.3}{\376\377\000G\000e\000n\000o\000m\000e\000\040\000P\000a\000r\000a\000m\000e\000t\000e\000r\000s}{section.4}% 7
\BOOKMARK [2][-]{subsection.4.4}{\376\377\000C\000o\000m\000b\000i\000n\000a\000t\000o\000r\000i\000a\000l\000\040\000D\000i\000v\000e\000r\000s\000i\000t\000y}{section.4}% 8
\BOOKMARK [2][-]{subsection.4.5}{\376\377\000W\000i\000r\000e\000\040\000F\000o\000r\000m\000a\000t}{section.4}% 9
\BOOKMARK [1][-]{section.5}{\376\377\000C\000r\000y\000p\000t\000o\000g\000r\000a\000p\000h\000i\000c\000\040\000L\000a\000y\000e\000r}{}% 10
\BOOKMARK [2][-]{subsection.5.1}{\376\377\000A\000u\000t\000h\000e\000n\000t\000i\000c\000a\000t\000e\000d\000\040\000E\000n\000c\000r\000y\000p\000t\000i\000o\000n}{section.5}% 11
\BOOKMARK [2][-]{subsection.5.2}{\376\377\000E\000p\000o\000c\000h\000-\000B\000a\000s\000e\000d\000\040\000N\000o\000n\000c\000e\000\040\000C\000o\000n\000s\000t\000r\000u\000c\000t\000i\000o\000n}{section.5}% 12
\BOOKMARK [2][-]{subsection.5.3}{\376\377\000A\000n\000t\000i\000-\000R\000e\000p\000l\000a\000y\000\040\000P\000r\000o\000t\000e\000c\000t\000i\000o\000n}{section.5}% 13
\BOOKMARK [1][-]{section.6}{\376\377\000R\000e\000l\000i\000a\000b\000l\000e\000\040\000S\000t\000r\000e\000a\000m\000\040\000M\000u\000l\000t\000i\000p\000l\000e\000x\000i\000n\000g}{}% 14
\BOOKMARK [2][-]{subsection.6.1}{\376\377\000C\000o\000m\000m\000a\000n\000d\000s}{section.6}% 15
\BOOKMARK [2][-]{subsection.6.2}{\376\377\000S\000e\000l\000e\000c\000t\000i\000v\000e\000\040\000A\000c\000k\000n\000o\000w\000l\000e\000d\000g\000m\000e\000n\000t}{section.6}% 16
\BOOKMARK [2][-]{subsection.6.3}{\376\377\000R\000T\000T\000\040\000E\000s\000t\000i\000m\000a\000t\000i\000o\000n}{section.6}% 17
\BOOKMARK [2][-]{subsection.6.4}{\376\377\000C\000o\000n\000g\000e\000s\000t\000i\000o\000n\000\040\000C\000o\000n\000t\000r\000o\000l}{section.6}% 18
\BOOKMARK [2][-]{subsection.6.5}{\376\377\000P\000e\000r\000-\000S\000t\000r\000e\000a\000m\000\040\000F\000l\000o\000w\000\040\000C\000o\000n\000t\000r\000o\000l}{section.6}% 19
\BOOKMARK [2][-]{subsection.6.6}{\376\377\000D\000e\000l\000a\000y\000e\000d\000\040\000A\000c\000k\000n\000o\000w\000l\000e\000d\000g\000m\000e\000n\000t}{section.6}% 20
\BOOKMARK [1][-]{section.7}{\376\377\000S\000e\000c\000u\000r\000i\000t\000y\000\040\000A\000n\000a\000l\000y\000s\000i\000s}{}% 21
\BOOKMARK [2][-]{subsection.7.1}{\376\377\000T\000h\000r\000e\000a\000t\000\040\000M\000o\000d\000e\000l}{section.7}% 22
\BOOKMARK [2][-]{subsection.7.2}{\376\377\000R\000e\000s\000i\000s\000t\000a\000n\000c\000e\000\040\000t\000o\000\040\000P\000a\000s\000s\000i\000v\000e\000\040\000A\000n\000a\000l\000y\000s\000i\000s}{section.7}% 23
\BOOKMARK [2][-]{subsection.7.3}{\376\377\000R\000e\000s\000i\000s\000t\000a\000n\000c\000e\000\040\000t\000o\000\040\000A\000c\000t\000i\000v\000e\000\040\000P\000r\000o\000b\000i\000n\000g}{section.7}% 24
\BOOKMARK [2][-]{subsection.7.4}{\376\377\000R\000e\000p\000l\000a\000y\000\040\000P\000r\000o\000t\000e\000c\000t\000i\000o\000n}{section.7}% 25
\BOOKMARK [2][-]{subsection.7.5}{\376\377\000K\000n\000o\000w\000n\000\040\000L\000i\000m\000i\000t\000a\000t\000i\000o\000n\000s}{section.7}% 26
\BOOKMARK [1][-]{section.8}{\376\377\000P\000e\000r\000f\000o\000r\000m\000a\000n\000c\000e\000\040\000E\000v\000a\000l\000u\000a\000t\000i\000o\000n}{}% 27
\BOOKMARK [2][-]{subsection.8.1}{\376\377\000T\000e\000s\000t\000\040\000E\000n\000v\000i\000r\000o\000n\000m\000e\000n\000t}{section.8}% 28
\BOOKMARK [2][-]{subsection.8.2}{\376\377\000T\000h\000r\000o\000u\000g\000h\000p\000u\000t}{section.8}% 29
\BOOKMARK [2][-]{subsection.8.3}{\376\377\000C\000o\000n\000c\000u\000r\000r\000e\000n\000c\000y}{section.8}% 30
\BOOKMARK [2][-]{subsection.8.4}{\376\377\000O\000v\000e\000r\000h\000e\000a\000d}{section.8}% 31
\BOOKMARK [2][-]{subsection.8.5}{\376\377\000A\000u\000t\000o\000m\000a\000t\000e\000d\000\040\000B\000r\000o\000w\000s\000e\000r\000\040\000T\000e\000s\000t\000i\000n\000g}{section.8}% 32
\BOOKMARK [1][-]{section.9}{\376\377\000F\000u\000t\000u\000r\000e\000\040\000W\000o\000r\000k}{}% 33
\BOOKMARK [1][-]{section.10}{\376\377\000C\000o\000n\000c\000l\000u\000s\000i\000o\000n}{}% 34
